<?xml version="1.0" encoding="UTF-8"?>
<!-- Generated by org.testng.reporters.JUnitReportReporter -->
<testsuite hostname="DESKTOP-DKJ5MC1" failures="0" tests="9" name="pagesTest.HomePageTest" time="13.344" errors="0" timestamp="2024-09-21T10:44:13 EDT" skipped="8">
  <testcase classname="pagesTest.HomePageTest" name="clickLoginButtonTest" time="13.344">
    <system-out>
      <![CDATA[Sleeping ... zZz 4000<br>
[[ChromeDriver: chrome on windows (3514658a8d239fd1afa5ee1df2915392)] -> id: cms-login-submit]<-------> has been clicked<br>
Sleeping ... zZz 4000<br>]]>
    </system-out>
  </testcase> <!-- clickLoginButtonTest -->
  <testcase classname="pagesTest.HomePageTest" name="getMethodsOfThePage05Test">
    <skipped/>
  </testcase> <!-- getMethodsOfThePage05Test -->
  <testcase classname="pagesTest.HomePageTest" name="use_of_set_script_timeout_for_window">
    <skipped/>
  </testcase> <!-- use_of_set_script_timeout_for_window -->
  <testcase classname="pagesTest.HomePageTest" name="getMethodsOfThePage03Test">
    <skipped/>
  </testcase> <!-- getMethodsOfThePage03Test -->
  <testcase classname="pagesTest.HomePageTest" name="alternate_of_click_method_in_loginButtonTest01">
    <skipped/>
  </testcase> <!-- alternate_of_click_method_in_loginButtonTest01 -->
  <testcase classname="pagesTest.HomePageTest" name="alternate_of_click_method_in_loginButtonTest03">
    <skipped/>
  </testcase> <!-- alternate_of_click_method_in_loginButtonTest03 -->
  <testcase classname="pagesTest.HomePageTest" name="alternate_of_click_method_in_loginButtonTest02">
    <skipped/>
  </testcase> <!-- alternate_of_click_method_in_loginButtonTest02 -->
  <testcase classname="pagesTest.HomePageTest" name="getMethodsOfThePage04Test">
    <skipped/>
  </testcase> <!-- getMethodsOfThePage04Test -->
  <testcase classname="pagesTest.HomePageTest" name="alternate_of_click_method_in_loginButtonTest04">
    <skipped/>
  </testcase> <!-- alternate_of_click_method_in_loginButtonTest04 -->
  <system-out>
    <![CDATA[Sleeping ... zZz 4000<br>
[[ChromeDriver: chrome on windows (3514658a8d239fd1afa5ee1df2915392)] -> id: cms-login-submit]<-------> has been clicked<br>
Sleeping ... zZz 4000<br>]]>
  </system-out>
</testsuite> <!-- pagesTest.HomePageTest -->
